# JRE version: Java(TM) SE Runtime Environment (8.0_45-b14) (build 1.8.0_45-b14)
# Java VM: Java HotSpot(TM) 64-Bit Server VM (25.45-b02 mixed mode bsd-amd64 compressed oops)
Heap:
 PSYoungGen      total 70144K, used 24753K [0x0000000795580000, 0x000000079db00000, 0x00000007c0000000)
  eden space 62464K, 28% used [0x0000000795580000,0x00000007966aba58,0x0000000799280000)
  from space 7680K, 93% used [0x000000079d380000,0x000000079da80ad0,0x000000079db00000)
  to   space 10240K, 0% used [0x000000079c700000,0x000000079c700000,0x000000079d100000)
 ParOldGen       total 87552K, used 7131K [0x0000000740000000, 0x0000000745580000, 0x0000000795580000)
  object space 87552K, 8% used [0x0000000740000000,0x00000007406f6c80,0x0000000745580000)
 Metaspace       used 15057K, capacity 15746K, committed 16000K, reserved 1062912K
  class space    used 2073K, capacity 2314K, committed 2432K, reserved 1048576K
GC Heap History (10 events):
Event: 2.038 GC heap before
{Heap before GC invocations=2 (full 0):
 PSYoungGen      total 38400K, used 35232K [0x0000000795580000, 0x000000079a080000, 0x00000007c0000000)
  eden space 33280K, 100% used [0x0000000795580000,0x0000000797600000,0x0000000797600000)
  from space 5120K, 38% used [0x0000000797600000,0x00000007977e8020,0x0000000797b00000)
  to   space 5120K, 0% used [0x0000000799b80000,0x0000000799b80000,0x000000079a080000)
 ParOldGen       total 87552K, used 8K [0x0000000740000000, 0x0000000745580000, 0x0000000795580000)
  object space 87552K, 0% used [0x0000000740000000,0x0000000740002000,0x0000000745580000)
 Metaspace       used 13963K, capacity 14548K, committed 14720K, reserved 1062912K
  class space    used 1973K, capacity 2169K, committed 2176K, reserved 1048576K
Event: 2.053 GC heap after
Heap after GC invocations=2 (full 0):
 PSYoungGen      total 71680K, used 5106K [0x0000000795580000, 0x000000079a080000, 0x00000007c0000000)
  eden space 66560K, 0% used [0x0000000795580000,0x0000000795580000,0x0000000799680000)
  from space 5120K, 99% used [0x0000000799b80000,0x000000079a07cad0,0x000000079a080000)
  to   space 5120K, 0% used [0x0000000799680000,0x0000000799680000,0x0000000799b80000)
 ParOldGen       total 87552K, used 2880K [0x0000000740000000, 0x0000000745580000, 0x0000000795580000)
  object space 87552K, 3% used [0x0000000740000000,0x00000007402d0010,0x0000000745580000)
 Metaspace       used 13963K, capacity 14548K, committed 14720K, reserved 1062912K
  class space    used 1973K, capacity 2169K, committed 2176K, reserved 1048576K
}
Event: 3.467 GC heap before
{Heap before GC invocations=3 (full 0):
 PSYoungGen      total 71680K, used 71666K [0x0000000795580000, 0x000000079a080000, 0x00000007c0000000)
  eden space 66560K, 100% used [0x0000000795580000,0x0000000799680000,0x0000000799680000)
  from space 5120K, 99% used [0x0000000799b80000,0x000000079a07cad0,0x000000079a080000)
  to   space 5120K, 0% used [0x0000000799680000,0x0000000799680000,0x0000000799b80000)
 ParOldGen       total 87552K, used 2880K [0x0000000740000000, 0x0000000745580000, 0x0000000795580000)
  object space 87552K, 3% used [0x0000000740000000,0x00000007402d0010,0x0000000745580000)
 Metaspace       used 14327K, capacity 14982K, committed 15104K, reserved 1062912K
  class space    used 2014K, capacity 2220K, committed 2304K, reserved 1048576K
Event: 3.483 GC heap after
Heap after GC invocations=3 (full 0):
 PSYoungGen      total 71680K, used 5093K [0x0000000795580000, 0x000000079e180000, 0x00000007c0000000)
  eden space 66560K, 0% used [0x0000000795580000,0x0000000795580000,0x0000000799680000)
  from space 5120K, 99% used [0x0000000799680000,0x0000000799b79530,0x0000000799b80000)
  to   space 5120K, 0% used [0x000000079dc80000,0x000000079dc80000,0x000000079e180000)
 ParOldGen       total 87552K, used 4992K [0x0000000740000000, 0x0000000745580000, 0x0000000795580000)
  object space 87552K, 5% used [0x0000000740000000,0x00000007404e0020,0x0000000745580000)
 Metaspace       used 14327K, capacity 14982K, committed 15104K, reserved 1062912K
  class space    used 2014K, capacity 2220K, committed 2304K, reserved 1048576K
}
Event: 6.963 GC heap before
{Heap before GC invocations=4 (full 0):
 PSYoungGen      total 71680K, used 71653K [0x0000000795580000, 0x000000079e180000, 0x00000007c0000000)
  eden space 66560K, 100% used [0x0000000795580000,0x0000000799680000,0x0000000799680000)
  from space 5120K, 99% used [0x0000000799680000,0x0000000799b79530,0x0000000799b80000)
  to   space 5120K, 0% used [0x000000079dc80000,0x000000079dc80000,0x000000079e180000)
 ParOldGen       total 87552K, used 4992K [0x0000000740000000, 0x0000000745580000, 0x0000000795580000)
  object space 87552K, 5% used [0x0000000740000000,0x00000007404e0020,0x0000000745580000)
 Metaspace       used 14785K, capacity 15396K, committed 15616K, reserved 1062912K
  class space    used 2063K, capacity 2271K, committed 2304K, reserved 1048576K
Event: 6.975 GC heap after
Heap after GC invocations=4 (full 0):
 PSYoungGen      total 71680K, used 5090K [0x0000000795580000, 0x000000079e180000, 0x00000007c0000000)
  eden space 66560K, 0% used [0x0000000795580000,0x0000000795580000,0x0000000799680000)
  from space 5120K, 99% used [0x000000079dc80000,0x000000079e178ac0,0x000000079e180000)
  to   space 5120K, 0% used [0x0000000799680000,0x0000000799680000,0x0000000799b80000)
 ParOldGen       total 87552K, used 5059K [0x0000000740000000, 0x0000000745580000, 0x0000000795580000)
  object space 87552K, 5% used [0x0000000740000000,0x00000007404f0c70,0x0000000745580000)
 Metaspace       used 14785K, capacity 15396K, committed 15616K, reserved 1062912K
  class space    used 2063K, capacity 2271K, committed 2304K, reserved 1048576K
}
Event: 8.402 GC heap before
{Heap before GC invocations=5 (full 0):
 PSYoungGen      total 71680K, used 71650K [0x0000000795580000, 0x000000079e180000, 0x00000007c0000000)
  eden space 66560K, 100% used [0x0000000795580000,0x0000000799680000,0x0000000799680000)
  from space 5120K, 99% used [0x000000079dc80000,0x000000079e178ac0,0x000000079e180000)
  to   space 5120K, 0% used [0x0000000799680000,0x0000000799680000,0x0000000799b80000)
 ParOldGen       total 87552K, used 5059K [0x0000000740000000, 0x0000000745580000, 0x0000000795580000)
  object space 87552K, 5% used [0x0000000740000000,0x00000007404f0c70,0x0000000745580000)
 Metaspace       used 14847K, capacity 15524K, committed 15616K, reserved 1062912K
  class space    used 2063K, capacity 2271K, committed 2304K, reserved 1048576K
Event: 8.411 GC heap after
Heap after GC invocations=5 (full 0):
 PSYoungGen      total 69632K, used 5106K [0x0000000795580000, 0x000000079dd00000, 0x00000007c0000000)
  eden space 64512K, 0% used [0x0000000795580000,0x0000000795580000,0x0000000799480000)
  from space 5120K, 99% used [0x0000000799680000,0x0000000799b7cab0,0x0000000799b80000)
  to   space 9728K, 0% used [0x000000079d380000,0x000000079d380000,0x000000079dd00000)
 ParOldGen       total 87552K, used 7123K [0x0000000740000000, 0x0000000745580000, 0x0000000795580000)
  object space 87552K, 8% used [0x0000000740000000,0x00000007406f4c80,0x0000000745580000)
 Metaspace       used 14847K, capacity 15524K, committed 15616K, reserved 1062912K
  class space    used 2063K, capacity 2271K, committed 2304K, reserved 1048576K
}
Event: 10.852 GC heap before
{Heap before GC invocations=6 (full 0):
 PSYoungGen      total 69632K, used 69618K [0x0000000795580000, 0x000000079dd00000, 0x00000007c0000000)
  eden space 64512K, 100% used [0x0000000795580000,0x0000000799480000,0x0000000799480000)
  from space 5120K, 99% used [0x0000000799680000,0x0000000799b7cab0,0x0000000799b80000)
  to   space 9728K, 0% used [0x000000079d380000,0x000000079d380000,0x000000079dd00000)
 ParOldGen       total 87552K, used 7123K [0x0000000740000000, 0x0000000745580000, 0x0000000795580000)
  object space 87552K, 8% used [0x0000000740000000,0x00000007406f4c80,0x0000000745580000)
 Metaspace       used 14914K, capacity 15596K, committed 15872K, reserved 1062912K
  class space    used 2063K, capacity 2271K, committed 2304K, reserved 1048576K
Event: 10.863 GC heap after
Heap after GC invocations=6 (full 0):
 PSYoungGen      total 70144K, used 7170K [0x0000000795580000, 0x000000079db00000, 0x00000007c0000000)
  eden space 62464K, 0% used [0x0000000795580000,0x0000000795580000,0x0000000799280000)
  from space 7680K, 93% used [0x000000079d380000,0x000000079da80ad0,0x000000079db00000)
  to   space 10240K, 0% used [0x000000079c700000,0x000000079c700000,0x000000079d100000)
 ParOldGen       total 87552K, used 7131K [0x0000000740000000, 0x0000000745580000, 0x0000000795580000)
  object space 87552K, 8% used [0x0000000740000000,0x00000007406f6c80,0x0000000745580000)
 Metaspace       used 14914K, capacity 15596K, committed 15872K, reserved 1062912K
  class space    used 2063K, capacity 2271K, committed 2304K, reserved 1048576K
}

